TN:
SF:app.js
FN:30,(anonymous_0)
FN:35,(anonymous_1)
FNF:2
FNH:2
FNDA:2,(anonymous_0)
FNDA:30,(anonymous_1)
DA:5,4
DA:6,4
DA:8,4
DA:10,4
DA:11,4
DA:12,4
DA:13,4
DA:15,4
DA:17,4
DA:19,4
DA:20,4
DA:21,4
DA:22,4
DA:24,4
DA:25,4
DA:26,4
DA:30,4
DA:31,2
DA:35,4
DA:36,30
DA:37,30
DA:38,30
DA:40,30
DA:45,4
LF:24
LH:24
BRDA:36,0,0,1
BRDA:36,0,1,29
BRDA:37,1,0,30
BRDA:37,1,1,2
BRF:4
BRH:4
end_of_record
TN:
SF:config.js
FN:13,getDatabaseUri
FNF:1
FNH:1
FNDA:18,getDatabaseUri
DA:5,9
DA:6,9
DA:8,9
DA:10,9
DA:14,18
DA:22,9
DA:24,9
DA:25,9
DA:26,9
DA:27,9
DA:28,9
DA:29,9
DA:31,9
LF:13
LH:13
BRDA:8,0,0,9
BRDA:8,0,1,8
BRDA:10,1,0,9
BRDA:10,1,1,8
BRDA:14,2,0,15
BRDA:14,2,1,3
BRDA:16,3,0,3
BRDA:16,3,1,1
BRDA:22,4,0,8
BRDA:22,4,1,1
BRF:10
BRH:10
end_of_record
TN:
SF:db.js
FNF:0
FNH:0
DA:5,6
DA:6,6
DA:8,6
DA:12,6
DA:14,6
LF:5
LH:5
BRF:0
BRH:0
end_of_record
TN:
SF:expressError.js
FN:8,(anonymous_0)
FN:18,(anonymous_1)
FN:26,(anonymous_2)
FN:34,(anonymous_3)
FN:42,(anonymous_4)
FNF:5
FNH:4
FNDA:41,(anonymous_0)
FNDA:14,(anonymous_1)
FNDA:12,(anonymous_2)
FNDA:15,(anonymous_3)
FNDA:0,(anonymous_4)
DA:9,41
DA:10,41
DA:11,41
DA:19,14
DA:27,12
DA:35,15
DA:43,0
DA:47,7
LF:8
LH:7
BRDA:18,0,0,2
BRDA:26,1,0,8
BRDA:34,2,0,0
BRDA:42,3,0,0
BRF:4
BRH:2
end_of_record
TN:
SF:helpers/sql.js
FN:5,sqlForPartialUpdate
FN:10,(anonymous_1)
FNF:2
FNH:2
FNDA:13,sqlForPartialUpdate
FNDA:23,(anonymous_1)
DA:1,6
DA:6,13
DA:7,13
DA:10,11
DA:11,23
DA:14,11
DA:20,6
LF:7
LH:7
BRDA:7,0,0,2
BRDA:7,0,1,11
BRDA:11,1,0,23
BRDA:11,1,1,11
BRF:4
BRH:4
end_of_record
TN:
SF:helpers/tokens.js
FN:6,createToken
FNF:1
FNH:1
FNDA:10,createToken
DA:1,5
DA:2,5
DA:7,10
DA:10,10
DA:15,10
DA:18,5
LF:6
LH:6
BRDA:12,0,0,10
BRDA:12,0,1,8
BRF:2
BRH:2
end_of_record
TN:
SF:middleware/auth.js
FN:18,authenticateJWT
FN:36,ensureLoggedIn
FNF:2
FNH:2
FNDA:48,authenticateJWT
FNDA:32,ensureLoggedIn
DA:5,5
DA:6,5
DA:7,5
DA:19,48
DA:20,48
DA:21,48
DA:22,26
DA:23,26
DA:25,47
DA:27,1
DA:37,32
DA:38,32
DA:39,24
DA:41,8
DA:46,5
LF:15
LH:15
BRDA:20,0,0,48
BRDA:20,0,1,47
BRDA:21,1,0,26
BRDA:21,1,1,22
BRDA:38,2,0,8
BRDA:38,2,1,24
BRF:6
BRH:6
end_of_record
TN:
SF:models/_testCommon.js
FN:6,commonBeforeAll
FN:33,commonBeforeEach
FN:37,commonAfterEach
FN:41,commonAfterAll
FNF:4
FNH:4
FNDA:2,commonBeforeAll
FNDA:26,commonBeforeEach
FNDA:26,commonAfterEach
FNDA:2,commonAfterAll
DA:1,2
DA:3,2
DA:4,2
DA:8,2
DA:10,2
DA:12,2
DA:18,2
DA:34,26
DA:38,26
DA:42,2
DA:46,2
LF:11
LH:11
BRF:0
BRH:0
end_of_record
TN:
SF:models/company.js
FN:19,(anonymous_0)
FN:57,(anonymous_1)
FN:77,(anonymous_2)
FN:107,(anonymous_3)
FN:134,(anonymous_4)
FNF:5
FNH:5
FNDA:13,(anonymous_0)
FNDA:3,(anonymous_1)
FNDA:5,(anonymous_2)
FNDA:6,(anonymous_3)
FNDA:4,(anonymous_4)
DA:3,5
DA:4,5
DA:5,5
DA:20,13
DA:26,13
DA:27,1
DA:29,12
DA:47,12
DA:49,12
DA:58,3
DA:66,2
DA:78,5
DA:88,5
DA:90,5
DA:92,3
DA:108,6
DA:114,5
DA:116,5
DA:121,5
DA:122,5
DA:124,5
DA:126,3
DA:135,4
DA:141,4
DA:143,4
DA:148,5
LF:26
LH:26
BRDA:26,0,0,1
BRDA:26,0,1,12
BRDA:90,1,0,2
BRDA:90,1,1,3
BRDA:124,2,0,2
BRDA:124,2,1,3
BRDA:143,3,0,2
BRDA:143,3,1,2
BRF:8
BRH:8
end_of_record
TN:
SF:models/user.js
FN:24,(anonymous_0)
FN:59,(anonymous_1)
FN:104,(anonymous_2)
FN:126,(anonymous_3)
FN:162,(anonymous_4)
FN:195,(anonymous_5)
FNF:6
FNH:6
FNDA:7,(anonymous_0)
FNDA:16,(anonymous_1)
FNDA:3,(anonymous_2)
FNDA:4,(anonymous_3)
FNDA:7,(anonymous_4)
FNDA:4,(anonymous_5)
DA:3,5
DA:4,5
DA:5,5
DA:10,5
DA:12,5
DA:26,7
DA:38,7
DA:40,7
DA:42,4
DA:43,4
DA:44,3
DA:45,3
DA:49,4
DA:61,16
DA:68,16
DA:69,1
DA:72,15
DA:74,15
DA:94,15
DA:96,15
DA:105,3
DA:115,2
DA:127,4
DA:138,4
DA:140,4
DA:142,2
DA:163,7
DA:164,2
DA:167,7
DA:174,6
DA:176,6
DA:184,6
DA:185,6
DA:187,6
DA:189,4
DA:190,4
DA:196,4
DA:203,4
DA:205,4
DA:210,5
LF:40
LH:40
BRDA:40,0,0,4
BRDA:40,0,1,3
BRDA:43,1,0,3
BRDA:43,1,1,1
BRDA:68,2,0,1
BRDA:68,2,1,15
BRDA:140,3,0,2
BRDA:140,3,1,2
BRDA:163,4,0,2
BRDA:163,4,1,5
BRDA:187,5,0,2
BRDA:187,5,1,4
BRDA:205,6,0,2
BRDA:205,6,1,2
BRF:14
BRH:14
end_of_record
TN:
SF:routes/_testCommon.js
FN:8,commonBeforeAll
FN:65,commonBeforeEach
FN:69,commonAfterEach
FN:73,commonAfterAll
FNF:4
FNH:4
FNDA:3,commonBeforeAll
FNDA:43,commonBeforeEach
FNDA:43,commonAfterEach
FNDA:3,commonAfterAll
DA:3,3
DA:4,3
DA:5,3
DA:6,3
DA:10,3
DA:12,3
DA:14,3
DA:22,3
DA:30,3
DA:39,3
DA:47,3
DA:55,3
DA:66,43
DA:70,43
DA:74,3
DA:78,3
DA:81,3
LF:17
LH:17
BRF:0
BRH:0
end_of_record
TN:
SF:routes/auth.js
FN:22,(anonymous_0)
FN:29,(anonymous_1)
FN:49,(anonymous_2)
FN:56,(anonymous_3)
FNF:4
FNH:4
FNDA:5,(anonymous_0)
FNDA:2,(anonymous_1)
FNDA:3,(anonymous_2)
FNDA:5,(anonymous_3)
DA:5,4
DA:7,4
DA:8,4
DA:9,4
DA:10,4
DA:11,4
DA:12,4
DA:13,4
DA:22,4
DA:23,5
DA:28,5
DA:29,2
DA:30,2
DA:33,3
DA:34,3
DA:35,1
DA:36,1
DA:49,4
DA:50,3
DA:55,3
DA:56,5
DA:57,2
DA:60,1
DA:61,1
DA:62,1
DA:66,4
LF:26
LH:26
BRDA:28,0,0,2
BRDA:28,0,1,3
BRDA:55,1,0,2
BRDA:55,1,1,1
BRF:4
BRH:4
end_of_record
TN:
SF:routes/companies.js
FN:27,(anonymous_0)
FN:34,(anonymous_1)
FN:53,(anonymous_2)
FN:66,(anonymous_3)
FN:82,(anonymous_4)
FN:89,(anonymous_5)
FN:102,(anonymous_6)
FNF:7
FNH:7
FNDA:3,(anonymous_0)
FNDA:3,(anonymous_1)
FNDA:2,(anonymous_2)
FNDA:3,(anonymous_3)
FNDA:4,(anonymous_4)
FNDA:2,(anonymous_5)
FNDA:2,(anonymous_6)
DA:5,4
DA:6,4
DA:8,4
DA:9,4
DA:10,4
DA:12,4
DA:13,4
DA:15,4
DA:27,4
DA:28,3
DA:33,3
DA:34,3
DA:35,2
DA:38,1
DA:39,1
DA:53,4
DA:54,2
DA:55,1
DA:66,4
DA:67,3
DA:68,2
DA:82,4
DA:83,4
DA:88,4
DA:89,2
DA:90,2
DA:93,2
DA:94,1
DA:102,4
DA:103,2
DA:104,1
DA:108,4
LF:32
LH:32
BRDA:33,0,0,2
BRDA:33,0,1,1
BRDA:88,1,0,2
BRDA:88,1,1,2
BRF:4
BRH:4
end_of_record
TN:
SF:routes/users.js
FN:30,(anonymous_0)
FN:37,(anonymous_1)
FN:54,(anonymous_2)
FN:67,(anonymous_3)
FN:83,(anonymous_4)
FN:90,(anonymous_5)
FN:104,(anonymous_6)
FNF:7
FNH:7
FNDA:4,(anonymous_0)
FNDA:5,(anonymous_1)
FNDA:2,(anonymous_2)
FNDA:2,(anonymous_3)
FNDA:4,(anonymous_4)
FNDA:1,(anonymous_5)
FNDA:2,(anonymous_6)
DA:5,4
DA:7,4
DA:8,4
DA:9,4
DA:10,4
DA:11,4
DA:12,4
DA:13,4
DA:15,4
DA:30,4
DA:31,4
DA:36,4
DA:37,5
DA:38,2
DA:41,2
DA:42,2
DA:43,2
DA:54,4
DA:55,2
DA:56,1
DA:67,4
DA:68,2
DA:69,1
DA:83,4
DA:84,4
DA:89,4
DA:90,1
DA:91,1
DA:94,3
DA:95,2
DA:104,4
DA:105,2
DA:106,1
DA:110,4
LF:34
LH:34
BRDA:36,0,0,2
BRDA:36,0,1,2
BRDA:89,1,0,1
BRDA:89,1,1,3
BRF:4
BRH:4
end_of_record
